0 info it worked if it ends with ok
1 verbose cli [ 'C:\\Program Files\\nodejs\\\\node.exe',
1 verbose cli   'C:\\Program Files\\nodejs\\node_modules\\npm\\bin\\npm-cli.js',
1 verbose cli   'run',
1 verbose cli   'test_mongo' ]
2 info using npm@1.4.28
3 info using node@v0.10.35
4 verbose node symlink C:\Program Files\nodejs\\node.exe
5 verbose run-script [ 'pretest_mongo', 'test_mongo', 'posttest_mongo' ]
6 info pretest_mongo mean-demo@0.0.1
7 info test_mongo mean-demo@0.0.1
8 verbose unsafe-perm in lifecycle true
9 info mean-demo@0.0.1 Failed to exec test_mongo script
10 error mean-demo@0.0.1 test_mongo: `node rappsMongoose/rappsMongoose`
10 error Exit status 8
11 error Failed at the mean-demo@0.0.1 test_mongo script.
11 error This is most likely a problem with the mean-demo package,
11 error not with npm itself.
11 error Tell the author that this fails on your system:
11 error     node rappsMongoose/rappsMongoose
11 error You can get their info via:
11 error     npm owner ls mean-demo
11 error There is likely additional logging output above.
12 error System Windows_NT 6.2.9200
13 error command "C:\\Program Files\\nodejs\\\\node.exe" "C:\\Program Files\\nodejs\\node_modules\\npm\\bin\\npm-cli.js" "run" "test_mongo"
14 error cwd A:\work\PDE\code\rohitApps\src\main\webapp\code_for_node
15 error node -v v0.10.35
16 error npm -v 1.4.28
17 error code ELIFECYCLE
18 verbose exit [ 1, true ]
